# JRE version: OpenJDK Runtime Environment (17.0.6) (build 17.0.6+0-b2043.56-9586694)
# Java VM: OpenJDK 64-Bit Server VM (17.0.6+0-b2043.56-9586694, mixed mode, tiered, compressed oops, compressed class ptrs, g1 gc, windows-amd64)
GC Precious Log:
 CPUs: 8 total, 8 available
 Memory: 8029M
 Large Page Support: Disabled
 NUMA Support: Disabled
 Compressed Oops: Enabled (32-bit)
 Heap Region Size: 1M
 Heap Min Capacity: 8M
 Heap Initial Capacity: 126M
 Heap Max Capacity: 2G
 Pre-touch: Disabled
 Parallel Workers: 8
 Concurrent Workers: 2
 Concurrent Refinement Workers: 8
 Periodic GC: Disabled
Heap:
 garbage-first heap   total 342016K, used 206517K [0x0000000080000000, 0x0000000100000000)
  region size 1024K, 68 young (69632K), 20 survivors (20480K)
 Metaspace       used 122760K, committed 123584K, reserved 1163264K
  class space    used 16759K, committed 17152K, reserved 1048576K
GC Heap History (20 events):
Event: 21.980 GC heap before
{Heap before GC invocations=31 (full 0):
 garbage-first heap   total 129024K, used 67976K [0x0000000080000000, 0x0000000100000000)
  region size 1024K, 7 young (7168K), 6 survivors (6144K)
 Metaspace       used 75949K, committed 76608K, reserved 1122304K
  class space    used 10325K, committed 10624K, reserved 1048576K
}
Event: 21.985 GC heap after
{Heap after GC invocations=32 (full 0):
 garbage-first heap   total 165888K, used 67453K [0x0000000080000000, 0x0000000100000000)
  region size 1024K, 1 young (1024K), 1 survivors (1024K)
 Metaspace       used 75949K, committed 76608K, reserved 1122304K
  class space    used 10325K, committed 10624K, reserved 1048576K
}
Event: 22.748 GC heap before
{Heap before GC invocations=32 (full 0):
 garbage-first heap   total 165888K, used 126845K [0x0000000080000000, 0x0000000100000000)
  region size 1024K, 59 young (60416K), 1 survivors (1024K)
 Metaspace       used 82057K, committed 82688K, reserved 1122304K
  class space    used 11211K, committed 11520K, reserved 1048576K
}
Event: 22.753 GC heap after
{Heap after GC invocations=33 (full 0):
 garbage-first heap   total 165888K, used 71285K [0x0000000080000000, 0x0000000100000000)
  region size 1024K, 5 young (5120K), 5 survivors (5120K)
 Metaspace       used 82057K, committed 82688K, reserved 1122304K
  class space    used 11211K, committed 11520K, reserved 1048576K
}
Event: 24.294 GC heap before
{Heap before GC invocations=33 (full 0):
 garbage-first heap   total 165888K, used 130677K [0x0000000080000000, 0x0000000100000000)
  region size 1024K, 63 young (64512K), 5 survivors (5120K)
 Metaspace       used 84288K, committed 84928K, reserved 1122304K
  class space    used 11605K, committed 11904K, reserved 1048576K
}
Event: 24.304 GC heap after
{Heap after GC invocations=34 (full 0):
 garbage-first heap   total 165888K, used 79637K [0x0000000080000000, 0x0000000100000000)
  region size 1024K, 8 young (8192K), 8 survivors (8192K)
 Metaspace       used 84288K, committed 84928K, reserved 1122304K
  class space    used 11605K, committed 11904K, reserved 1048576K
}
Event: 24.724 GC heap before
{Heap before GC invocations=34 (full 0):
 garbage-first heap   total 165888K, used 129813K [0x0000000080000000, 0x0000000100000000)
  region size 1024K, 58 young (59392K), 8 survivors (8192K)
 Metaspace       used 84942K, committed 85568K, reserved 1130496K
  class space    used 11731K, committed 12032K, reserved 1048576K
}
Event: 24.733 GC heap after
{Heap after GC invocations=35 (full 0):
 garbage-first heap   total 165888K, used 85267K [0x0000000080000000, 0x0000000100000000)
  region size 1024K, 6 young (6144K), 6 survivors (6144K)
 Metaspace       used 84942K, committed 85568K, reserved 1130496K
  class space    used 11731K, committed 12032K, reserved 1048576K
}
Event: 25.230 GC heap before
{Heap before GC invocations=35 (full 0):
 garbage-first heap   total 165888K, used 130323K [0x0000000080000000, 0x0000000100000000)
  region size 1024K, 51 young (52224K), 6 survivors (6144K)
 Metaspace       used 85541K, committed 86208K, reserved 1130496K
  class space    used 11784K, committed 12096K, reserved 1048576K
}
Event: 25.237 GC heap after
{Heap after GC invocations=36 (full 0):
 garbage-first heap   total 165888K, used 88948K [0x0000000080000000, 0x0000000100000000)
  region size 1024K, 5 young (5120K), 5 survivors (5120K)
 Metaspace       used 85541K, committed 86208K, reserved 1130496K
  class space    used 11784K, committed 12096K, reserved 1048576K
}
Event: 25.743 GC heap before
{Heap before GC invocations=36 (full 0):
 garbage-first heap   total 165888K, used 132980K [0x0000000080000000, 0x0000000100000000)
  region size 1024K, 49 young (50176K), 5 survivors (5120K)
 Metaspace       used 85790K, committed 86400K, reserved 1130496K
  class space    used 11799K, committed 12096K, reserved 1048576K
}
Event: 25.750 GC heap after
{Heap after GC invocations=37 (full 0):
 garbage-first heap   total 165888K, used 92160K [0x0000000080000000, 0x0000000100000000)
  region size 1024K, 5 young (5120K), 5 survivors (5120K)
 Metaspace       used 85790K, committed 86400K, reserved 1130496K
  class space    used 11799K, committed 12096K, reserved 1048576K
}
Event: 26.259 GC heap before
{Heap before GC invocations=37 (full 0):
 garbage-first heap   total 165888K, used 133120K [0x0000000080000000, 0x0000000100000000)
  region size 1024K, 46 young (47104K), 5 survivors (5120K)
 Metaspace       used 87314K, committed 87936K, reserved 1130496K
  class space    used 11949K, committed 12224K, reserved 1048576K
}
Event: 26.269 GC heap after
{Heap after GC invocations=38 (full 0):
 garbage-first heap   total 331776K, used 97138K [0x0000000080000000, 0x0000000100000000)
  region size 1024K, 6 young (6144K), 6 survivors (6144K)
 Metaspace       used 87314K, committed 87936K, reserved 1130496K
  class space    used 11949K, committed 12224K, reserved 1048576K
}
Event: 31.548 GC heap before
{Heap before GC invocations=38 (full 0):
 garbage-first heap   total 331776K, used 259954K [0x0000000080000000, 0x0000000100000000)
  region size 1024K, 164 young (167936K), 6 survivors (6144K)
 Metaspace       used 96581K, committed 97344K, reserved 1138688K
  class space    used 13134K, committed 13504K, reserved 1048576K
}
Event: 31.561 GC heap after
{Heap after GC invocations=39 (full 0):
 garbage-first heap   total 331776K, used 109133K [0x0000000080000000, 0x0000000100000000)
  region size 1024K, 16 young (16384K), 16 survivors (16384K)
 Metaspace       used 96581K, committed 97344K, reserved 1138688K
  class space    used 13134K, committed 13504K, reserved 1048576K
}
Event: 33.792 GC heap before
{Heap before GC invocations=39 (full 0):
 garbage-first heap   total 331776K, used 257613K [0x0000000080000000, 0x0000000100000000)
  region size 1024K, 162 young (165888K), 16 survivors (16384K)
 Metaspace       used 114866K, committed 115648K, reserved 1155072K
  class space    used 15893K, committed 16256K, reserved 1048576K
}
Event: 33.807 GC heap after
{Heap after GC invocations=40 (full 0):
 garbage-first heap   total 331776K, used 113062K [0x0000000080000000, 0x0000000100000000)
  region size 1024K, 9 young (9216K), 9 survivors (9216K)
 Metaspace       used 114866K, committed 115648K, reserved 1155072K
  class space    used 15893K, committed 16256K, reserved 1048576K
}
Event: 899.451 GC heap before
{Heap before GC invocations=40 (full 0):
 garbage-first heap   total 331776K, used 303526K [0x0000000080000000, 0x0000000100000000)
  region size 1024K, 153 young (156672K), 9 survivors (9216K)
 Metaspace       used 121307K, committed 122112K, reserved 1155072K
  class space    used 16639K, committed 17024K, reserved 1048576K
}
Event: 899.551 GC heap after
{Heap after GC invocations=41 (full 0):
 garbage-first heap   total 342016K, used 142005K [0x0000000080000000, 0x0000000100000000)
  region size 1024K, 20 young (20480K), 20 survivors (20480K)
 Metaspace       used 121307K, committed 122112K, reserved 1155072K
  class space    used 16639K, committed 17024K, reserved 1048576K
}

