# JRE version: OpenJDK Runtime Environment (17.0.6) (build 17.0.6+0-b2043.56-9586694)
# Java VM: OpenJDK 64-Bit Server VM (17.0.6+0-b2043.56-9586694, mixed mode, tiered, compressed oops, compressed class ptrs, g1 gc, windows-amd64)
GC Precious Log:
 CPUs: 8 total, 8 available
 Memory: 8029M
 Large Page Support: Disabled
 NUMA Support: Disabled
 Compressed Oops: Enabled (32-bit)
 Heap Region Size: 1M
 Heap Min Capacity: 8M
 Heap Initial Capacity: 126M
 Heap Max Capacity: 2G
 Pre-touch: Disabled
 Parallel Workers: 8
 Concurrent Workers: 2
 Concurrent Refinement Workers: 8
 Periodic GC: Disabled
Heap:
 garbage-first heap   total 343040K, used 143331K [0x0000000080000000, 0x0000000100000000)
  region size 1024K, 25 young (25600K), 2 survivors (2048K)
 Metaspace       used 133422K, committed 134144K, reserved 1171456K
  class space    used 17899K, committed 18240K, reserved 1048576K
GC Heap History (20 events):
Event: 34.623 GC heap before
{Heap before GC invocations=46 (full 0):
 garbage-first heap   total 343040K, used 218278K [0x0000000080000000, 0x0000000100000000)
  region size 1024K, 94 young (96256K), 19 survivors (19456K)
 Metaspace       used 108453K, committed 109120K, reserved 1146880K
  class space    used 14360K, committed 14656K, reserved 1048576K
}
Event: 34.648 GC heap after
{Heap after GC invocations=47 (full 0):
 garbage-first heap   total 343040K, used 154895K [0x0000000080000000, 0x0000000100000000)
  region size 1024K, 12 young (12288K), 12 survivors (12288K)
 Metaspace       used 108453K, committed 109120K, reserved 1146880K
  class space    used 14360K, committed 14656K, reserved 1048576K
}
Event: 36.253 GC heap before
{Heap before GC invocations=48 (full 0):
 garbage-first heap   total 343040K, used 263439K [0x0000000080000000, 0x0000000100000000)
  region size 1024K, 131 young (134144K), 12 survivors (12288K)
 Metaspace       used 117138K, committed 117888K, reserved 1155072K
  class space    used 15516K, committed 15872K, reserved 1048576K
}
Event: 36.268 GC heap after
{Heap after GC invocations=49 (full 0):
 garbage-first heap   total 343040K, used 144956K [0x0000000080000000, 0x0000000100000000)
  region size 1024K, 9 young (9216K), 9 survivors (9216K)
 Metaspace       used 117138K, committed 117888K, reserved 1155072K
  class space    used 15516K, committed 15872K, reserved 1048576K
}
Event: 36.292 GC heap before
{Heap before GC invocations=49 (full 0):
 garbage-first heap   total 343040K, used 152124K [0x0000000080000000, 0x0000000100000000)
  region size 1024K, 16 young (16384K), 9 survivors (9216K)
 Metaspace       used 117352K, committed 118144K, reserved 1155072K
  class space    used 15539K, committed 15936K, reserved 1048576K
}
Event: 36.301 GC heap after
{Heap after GC invocations=50 (full 0):
 garbage-first heap   total 343040K, used 135667K [0x0000000080000000, 0x0000000100000000)
  region size 1024K, 2 young (2048K), 2 survivors (2048K)
 Metaspace       used 117352K, committed 118144K, reserved 1155072K
  class space    used 15539K, committed 15936K, reserved 1048576K
}
Event: 38.885 GC heap before
{Heap before GC invocations=50 (full 0):
 garbage-first heap   total 343040K, used 274931K [0x0000000080000000, 0x0000000100000000)
  region size 1024K, 138 young (141312K), 2 survivors (2048K)
 Metaspace       used 129444K, committed 130304K, reserved 1163264K
  class space    used 17530K, committed 17920K, reserved 1048576K
}
Event: 38.902 GC heap after
{Heap after GC invocations=51 (full 0):
 garbage-first heap   total 343040K, used 146573K [0x0000000080000000, 0x0000000100000000)
  region size 1024K, 13 young (13312K), 13 survivors (13312K)
 Metaspace       used 129444K, committed 130304K, reserved 1163264K
  class space    used 17530K, committed 17920K, reserved 1048576K
}
Event: 2978.476 GC heap before
{Heap before GC invocations=52 (full 0):
 garbage-first heap   total 343040K, used 312461K [0x0000000080000000, 0x0000000100000000)
  region size 1024K, 138 young (141312K), 13 survivors (13312K)
 Metaspace       used 132181K, committed 133056K, reserved 1171456K
  class space    used 17845K, committed 18240K, reserved 1048576K
}
Event: 2978.671 GC heap after
{Heap after GC invocations=53 (full 0):
 garbage-first heap   total 343040K, used 143684K [0x0000000080000000, 0x0000000100000000)
  region size 1024K, 4 young (4096K), 4 survivors (4096K)
 Metaspace       used 132181K, committed 133056K, reserved 1171456K
  class space    used 17845K, committed 18240K, reserved 1048576K
}
Event: 2981.444 GC heap before
{Heap before GC invocations=53 (full 0):
 garbage-first heap   total 343040K, used 155972K [0x0000000080000000, 0x0000000100000000)
  region size 1024K, 16 young (16384K), 4 survivors (4096K)
 Metaspace       used 132328K, committed 133184K, reserved 1171456K
  class space    used 17849K, committed 18240K, reserved 1048576K
}
Event: 2981.470 GC heap after
{Heap after GC invocations=54 (full 0):
 garbage-first heap   total 343040K, used 139572K [0x0000000080000000, 0x0000000100000000)
  region size 1024K, 2 young (2048K), 2 survivors (2048K)
 Metaspace       used 132328K, committed 133184K, reserved 1171456K
  class space    used 17849K, committed 18240K, reserved 1048576K
}
Event: 2985.024 GC heap before
{Heap before GC invocations=54 (full 0):
 garbage-first heap   total 343040K, used 166196K [0x0000000080000000, 0x0000000100000000)
  region size 1024K, 29 young (29696K), 2 survivors (2048K)
 Metaspace       used 132609K, committed 133504K, reserved 1171456K
  class space    used 17860K, committed 18240K, reserved 1048576K
}
Event: 2985.050 GC heap after
{Heap after GC invocations=55 (full 0):
 garbage-first heap   total 343040K, used 143009K [0x0000000080000000, 0x0000000100000000)
  region size 1024K, 6 young (6144K), 6 survivors (6144K)
 Metaspace       used 132609K, committed 133504K, reserved 1171456K
  class space    used 17860K, committed 18240K, reserved 1048576K
}
Event: 2990.229 GC heap before
{Heap before GC invocations=56 (full 0):
 garbage-first heap   total 343040K, used 284321K [0x0000000080000000, 0x0000000100000000)
  region size 1024K, 118 young (120832K), 6 survivors (6144K)
 Metaspace       used 132403K, committed 133504K, reserved 1171456K
  class space    used 17772K, committed 18240K, reserved 1048576K
}
Event: 2990.248 GC heap after
{Heap after GC invocations=57 (full 0):
 garbage-first heap   total 343040K, used 148394K [0x0000000080000000, 0x0000000100000000)
  region size 1024K, 11 young (11264K), 11 survivors (11264K)
 Metaspace       used 132403K, committed 133504K, reserved 1171456K
  class space    used 17772K, committed 18240K, reserved 1048576K
}
Event: 2990.272 GC heap before
{Heap before GC invocations=57 (full 0):
 garbage-first heap   total 343040K, used 153514K [0x0000000080000000, 0x0000000100000000)
  region size 1024K, 16 young (16384K), 11 survivors (11264K)
 Metaspace       used 132407K, committed 133504K, reserved 1171456K
  class space    used 17773K, committed 18240K, reserved 1048576K
}
Event: 2990.356 GC heap after
{Heap after GC invocations=58 (full 0):
 garbage-first heap   total 343040K, used 123758K [0x0000000080000000, 0x0000000100000000)
  region size 1024K, 2 young (2048K), 2 survivors (2048K)
 Metaspace       used 132407K, committed 133504K, reserved 1171456K
  class space    used 17773K, committed 18240K, reserved 1048576K
}
Event: 2990.960 GC heap before
{Heap before GC invocations=58 (full 0):
 garbage-first heap   total 343040K, used 137070K [0x0000000080000000, 0x0000000100000000)
  region size 1024K, 16 young (16384K), 2 survivors (2048K)
 Metaspace       used 132834K, committed 133632K, reserved 1171456K
  class space    used 17834K, committed 18240K, reserved 1048576K
}
Event: 2990.991 GC heap after
{Heap after GC invocations=59 (full 0):
 garbage-first heap   total 343040K, used 120803K [0x0000000080000000, 0x0000000100000000)
  region size 1024K, 2 young (2048K), 2 survivors (2048K)
 Metaspace       used 132834K, committed 133632K, reserved 1171456K
  class space    used 17834K, committed 18240K, reserved 1048576K
}

